<?xml version="1.0" encoding="UTF-8"?>
<testng-results ignored="0" total="1" passed="1" failed="0" skipped="0">
  <reporter-output>
  </reporter-output>
  <suite started-at="2024-06-08T15:26:10 IST" name="Default suite" finished-at="2024-06-08T15:26:37 IST" duration-ms="27484">
    <groups>
    </groups>
    <test started-at="2024-06-08T15:26:10 IST" name="Default test" finished-at="2024-06-08T15:26:37 IST" duration-ms="27484">
      <class name="Qedge.OrangeHRm.LoginTest">
        <test-method is-config="true" signature="extentreportgenerate()[pri:0, instance:Qedge.OrangeHRm.LoginTest@14dd9eb7]" started-at="2024-06-08T15:26:10 IST" name="extentreportgenerate" finished-at="2024-06-08T15:26:10 IST" duration-ms="228" status="PASS">
          <reporter-output>
          </reporter-output>
        </test-method> <!-- extentreportgenerate -->
        <test-method is-config="true" signature="setup()[pri:0, instance:Qedge.OrangeHRm.LoginTest@14dd9eb7]" started-at="2024-06-08T15:26:10 IST" name="setup" finished-at="2024-06-08T15:26:22 IST" duration-ms="11627" status="PASS">
          <reporter-output>
          </reporter-output>
        </test-method> <!-- setup -->
        <test-method signature="loginTest(java.lang.String,java.lang.String)[pri:0, instance:Qedge.OrangeHRm.LoginTest@14dd9eb7]" started-at="2024-06-08T15:26:22 IST" name="loginTest" data-provider="logindata" finished-at="2024-06-08T15:26:36 IST" duration-ms="14621" status="PASS">
          <params>
            <param index="0">
              <value>
                <![CDATA[Admin]]>
              </value>
            </param>
            <param index="1">
              <value>
                <![CDATA[Qedge123!@#]]>
              </value>
            </param>
          </params>
          <reporter-output>
          </reporter-output>
        </test-method> <!-- loginTest -->
        <test-method is-config="true" signature="teardown()[pri:0, instance:Qedge.OrangeHRm.LoginTest@14dd9eb7]" started-at="2024-06-08T15:26:36 IST" name="teardown" finished-at="2024-06-08T15:26:37 IST" duration-ms="958" status="PASS">
          <reporter-output>
          </reporter-output>
        </test-method> <!-- teardown -->
      </class> <!-- Qedge.OrangeHRm.LoginTest -->
    </test> <!-- Default test -->
  </suite> <!-- Default suite -->
</testng-results>
